[2022-06-03 12:34:20] local.ERROR: syntax error, unexpected 'return' (T_RETURN) {"exception":"[object] (ParseError(code: 0): syntax error, unexpected 'return' (T_RETURN) at C:\\Users\\Adm\\Documents\\GitHub\\Projeto-Lavarel\\Projeto-Lavarel\outes\\web.php:19)
[stacktrace]
#0 C:\\Users\\Adm\\Documents\\GitHub\\Projeto-Lavarel\\Projeto-Lavarel\\vendor\\laravel\\framework\\src\\Illuminate\\Routing\\Router.php(425): Illuminate\\Routing\\RouteFileRegistrar->register('C:\\\\Users\\\\Adm\\\\Do...')
#1 C:\\Users\\Adm\\Documents\\GitHub\\Projeto-Lavarel\\Projeto-Lavarel\\vendor\\laravel\\framework\\src\\Illuminate\\Routing\\Router.php(382): Illuminate\\Routing\\Router->loadRoutes('C:\\\\Users\\\\Adm\\\\Do...')
#2 C:\\Users\\Adm\\Documents\\GitHub\\Projeto-Lavarel\\Projeto-Lavarel\\vendor\\laravel\\framework\\src\\Illuminate\\Routing\\RouteRegistrar.php(163): Illuminate\\Routing\\Router->group(Array, 'C:\\\\Users\\\\Adm\\\\Do...')
#3 C:\\Users\\Adm\\Documents\\GitHub\\Projeto-Lavarel\\Projeto-Lavarel\\app\\Providers\\RouteServiceProvider.php(48): Illuminate\\Routing\\RouteRegistrar->group('C:\\\\Users\\\\Adm\\\\Do...')
#4 C:\\Users\\Adm\\Documents\\GitHub\\Projeto-Lavarel\\Projeto-Lavarel\\vendor\\laravel\\framework\\src\\Illuminate\\Container\\BoundMethod.php(36): App\\Providers\\RouteServiceProvider->App\\Providers\\{closure}()
#5 C:\\Users\\Adm\\Documents\\GitHub\\Projeto-Lavarel\\Projeto-Lavarel\\vendor\\laravel\\framework\\src\\Illuminate\\Container\\Util.php(40): Illuminate\\Container\\BoundMethod::Illuminate\\Container\\{closure}()
#6 C:\\Users\\Adm\\Documents\\GitHub\\Projeto-Lavarel\\Projeto-Lavarel\\vendor\\laravel\\framework\\src\\Illuminate\\Container\\BoundMethod.php(81): Illuminate\\Container\\Util::unwrapIfClosure(Object(Closure))
#7 C:\\Users\\Adm\\Documents\\GitHub\\Projeto-Lavarel\\Projeto-Lavarel\\vendor\\laravel\\framework\\src\\Illuminate\\Container\\BoundMethod.php(37): Illuminate\\Container\\BoundMethod::callBoundMethod(Object(Illuminate\\Foundation\\Application), Object(Closure), Object(Closure))
#8 C:\\Users\\Adm\\Documents\\GitHub\\Projeto-Lavarel\\Projeto-Lavarel\\vendor\\laravel\\framework\\src\\Illuminate\\Container\\Container.php(653): Illuminate\\Container\\BoundMethod::call(Object(Illuminate\\Foundation\\Application), Object(Closure), Array, NULL)
#9 C:\\Users\\Adm\\Documents\\GitHub\\Projeto-Lavarel\\Projeto-Lavarel\\vendor\\laravel\\framework\\src\\Illuminate\\Foundation\\Support\\Providers\\RouteServiceProvider.php(120): Illuminate\\Container\\Container->call(Object(Closure))
#10 C:\\Users\\Adm\\Documents\\GitHub\\Projeto-Lavarel\\Projeto-Lavarel\\vendor\\laravel\\framework\\src\\Illuminate\\Foundation\\Support\\Providers\\RouteServiceProvider.php(45): Illuminate\\Foundation\\Support\\Providers\\RouteServiceProvider->loadRoutes()
#11 C:\\Users\\Adm\\Documents\\GitHub\\Projeto-Lavarel\\Projeto-Lavarel\\vendor\\laravel\\framework\\src\\Illuminate\\Container\\BoundMethod.php(36): Illuminate\\Foundation\\Support\\Providers\\RouteServiceProvider->Illuminate\\Foundation\\Support\\Providers\\{closure}()
#12 C:\\Users\\Adm\\Documents\\GitHub\\Projeto-Lavarel\\Projeto-Lavarel\\vendor\\laravel\\framework\\src\\Illuminate\\Container\\Util.php(40): Illuminate\\Container\\BoundMethod::Illuminate\\Container\\{closure}()
#13 C:\\Users\\Adm\\Documents\\GitHub\\Projeto-Lavarel\\Projeto-Lavarel\\vendor\\laravel\\framework\\src\\Illuminate\\Container\\BoundMethod.php(81): Illuminate\\Container\\Util::unwrapIfClosure(Object(Closure))
#14 C:\\Users\\Adm\\Documents\\GitHub\\Projeto-Lavarel\\Projeto-Lavarel\\vendor\\laravel\\framework\\src\\Illuminate\\Container\\BoundMethod.php(37): Illuminate\\Container\\BoundMethod::callBoundMethod(Object(Illuminate\\Foundation\\Application), Object(Closure), Object(Closure))
#15 C:\\Users\\Adm\\Documents\\GitHub\\Projeto-Lavarel\\Projeto-Lavarel\\vendor\\laravel\\framework\\src\\Illuminate\\Container\\Container.php(653): Illuminate\\Container\\BoundMethod::call(Object(Illuminate\\Foundation\\Application), Object(Closure), Array, NULL)
#16 C:\\Users\\Adm\\Documents\\GitHub\\Projeto-Lavarel\\Projeto-Lavarel\\vendor\\laravel\\framework\\src\\Illuminate\\Support\\ServiceProvider.php(119): Illuminate\\Container\\Container->call(Object(Closure))
#17 C:\\Users\\Adm\\Documents\\GitHub\\Projeto-Lavarel\\Projeto-Lavarel\\vendor\\laravel\\framework\\src\\Illuminate\\Foundation\\Application.php(927): Illuminate\\Support\\ServiceProvider->callBootedCallbacks()
#18 C:\\Users\\Adm\\Documents\\GitHub\\Projeto-Lavarel\\Projeto-Lavarel\\vendor\\laravel\\framework\\src\\Illuminate\\Foundation\\Application.php(905): Illuminate\\Foundation\\Application->bootProvider(Object(App\\Providers\\RouteServiceProvider))
#19 [internal function]: Illuminate\\Foundation\\Application->Illuminate\\Foundation\\{closure}(Object(App\\Providers\\RouteServiceProvider), 23)
#20 C:\\Users\\Adm\\Documents\\GitHub\\Projeto-Lavarel\\Projeto-Lavarel\\vendor\\laravel\\framework\\src\\Illuminate\\Foundation\\Application.php(906): array_walk(Array, Object(Closure))
#21 C:\\Users\\Adm\\Documents\\GitHub\\Projeto-Lavarel\\Projeto-Lavarel\\vendor\\laravel\\framework\\src\\Illuminate\\Foundation\\Bootstrap\\BootProviders.php(17): Illuminate\\Foundation\\Application->boot()
#22 C:\\Users\\Adm\\Documents\\GitHub\\Projeto-Lavarel\\Projeto-Lavarel\\vendor\\laravel\\framework\\src\\Illuminate\\Foundation\\Application.php(237): Illuminate\\Foundation\\Bootstrap\\BootProviders->bootstrap(Object(Illuminate\\Foundation\\Application))
#23 C:\\Users\\Adm\\Documents\\GitHub\\Projeto-Lavarel\\Projeto-Lavarel\\vendor\\laravel\\framework\\src\\Illuminate\\Foundation\\Http\\Kernel.php(153): Illuminate\\Foundation\\Application->bootstrapWith(Array)
#24 C:\\Users\\Adm\\Documents\\GitHub\\Projeto-Lavarel\\Projeto-Lavarel\\vendor\\laravel\\framework\\src\\Illuminate\\Foundation\\Http\\Kernel.php(137): Illuminate\\Foundation\\Http\\Kernel->bootstrap()
#25 C:\\Users\\Adm\\Documents\\GitHub\\Projeto-Lavarel\\Projeto-Lavarel\\vendor\\laravel\\framework\\src\\Illuminate\\Foundation\\Http\\Kernel.php(111): Illuminate\\Foundation\\Http\\Kernel->sendRequestThroughRouter(Object(Illuminate\\Http\\Request))
#26 C:\\Users\\Adm\\Documents\\GitHub\\Projeto-Lavarel\\Projeto-Lavarel\\public\\index.php(52): Illuminate\\Foundation\\Http\\Kernel->handle(Object(Illuminate\\Http\\Request))
#27 C:\\Users\\Adm\\Documents\\GitHub\\Projeto-Lavarel\\Projeto-Lavarel\\server.php(21): require_once('C:\\\\Users\\\\Adm\\\\Do...')
#28 {main}
"} 
[2022-06-03 12:46:07] local.ERROR: Cannot use empty array elements in arrays {"exception":"[object] (Symfony\\Component\\ErrorHandler\\Error\\FatalError(code: 0): Cannot use empty array elements in arrays at C:\\Users\\Adm\\Documents\\GitHub\\Projeto-Lavarel\\Projeto-Lavarel\outes\\web.php:21)
[stacktrace]
#0 {main}
"} 
[2022-06-03 12:47:51] local.ERROR: Cannot use empty array elements in arrays {"exception":"[object] (Symfony\\Component\\ErrorHandler\\Error\\FatalError(code: 0): Cannot use empty array elements in arrays at C:\\Users\\Adm\\Documents\\GitHub\\Projeto-Lavarel\\Projeto-Lavarel\outes\\web.php:19)
[stacktrace]
#0 {main}
"} 
[2022-06-03 12:48:21] local.ERROR: Cannot use empty array elements in arrays {"exception":"[object] (Symfony\\Component\\ErrorHandler\\Error\\FatalError(code: 0): Cannot use empty array elements in arrays at C:\\Users\\Adm\\Documents\\GitHub\\Projeto-Lavarel\\Projeto-Lavarel\outes\\web.php:19)
[stacktrace]
#0 {main}
"} 
[2022-06-03 12:48:22] local.ERROR: Cannot use empty array elements in arrays {"exception":"[object] (Symfony\\Component\\ErrorHandler\\Error\\FatalError(code: 0): Cannot use empty array elements in arrays at C:\\Users\\Adm\\Documents\\GitHub\\Projeto-Lavarel\\Projeto-Lavarel\outes\\web.php:19)
[stacktrace]
#0 {main}
"} 
[2022-06-03 12:49:27] local.ERROR: Cannot use empty array elements in arrays {"exception":"[object] (Symfony\\Component\\ErrorHandler\\Error\\FatalError(code: 0): Cannot use empty array elements in arrays at C:\\Users\\Adm\\Documents\\GitHub\\Projeto-Lavarel\\Projeto-Lavarel\outes\\web.php:19)
[stacktrace]
#0 {main}
"} 
[2022-06-03 12:49:42] local.ERROR: Undefined variable: arrTest (View: C:\Users\Adm\Documents\GitHub\Projeto-Lavarel\Projeto-Lavarel\resources\views\welcome.blade.php) {"view":{"view":"C:\\Users\\Adm\\Documents\\GitHub\\Projeto-Lavarel\\Projeto-Lavarel\esources\\views/welcome.blade.php","data":{"errors":"<pre class=sf-dump id=sf-dump-1525324364 data-indent-pad=\"  \"><span class=sf-dump-note>Illuminate\\Support\\ViewErrorBag</span> {<a class=sf-dump-ref>#280</a><samp data-depth=1 class=sf-dump-expanded>
  #<span class=sf-dump-protected title=\"Protected property\">bags</span>: []
</samp>}
</pre><script>Sfdump(\"sf-dump-1525324364\", {\"maxDepth\":3,\"maxStringLength\":160})</script>
","nome":"<pre class=sf-dump id=sf-dump-1648919249 data-indent-pad=\"  \">\"<span class=sf-dump-str title=\"6 characters\">Filipe</span>\"
</pre><script>Sfdump(\"sf-dump-1648919249\", {\"maxDepth\":3,\"maxStringLength\":160})</script>
","arr":"<pre class=sf-dump id=sf-dump-1797186829 data-indent-pad=\"  \"><span class=sf-dump-note>array:4</span> [<samp data-depth=1 class=sf-dump-expanded>
  <span class=sf-dump-index>0</span> => <span class=sf-dump-num>1</span>
  <span class=sf-dump-index>1</span> => <span class=sf-dump-num>2</span>
  <span class=sf-dump-index>2</span> => <span class=sf-dump-num>3</span>
  <span class=sf-dump-index>3</span> => <span class=sf-dump-num>4</span>
</samp>]
</pre><script>Sfdump(\"sf-dump-1797186829\", {\"maxDepth\":3,\"maxStringLength\":160})</script>
"}},"exception":"[object] (Facade\\Ignition\\Exceptions\\ViewException(code: 0): Undefined variable: arrTest (View: C:\\Users\\Adm\\Documents\\GitHub\\Projeto-Lavarel\\Projeto-Lavarel\esources\\views\\welcome.blade.php) at C:\\Users\\Adm\\Documents\\GitHub\\Projeto-Lavarel\\Projeto-Lavarel\esources\\views/welcome.blade.php:33)
[stacktrace]
#0 C:\\Users\\Adm\\Documents\\GitHub\\Projeto-Lavarel\\Projeto-Lavarel\esources\\views/welcome.blade.php(33): Illuminate\\Foundation\\Bootstrap\\HandleExceptions->handleError(8, 'Undefined varia...', 'C:\\\\Users\\\\Adm\\\\Do...', 33, Array)
#1 C:\\Users\\Adm\\Documents\\GitHub\\Projeto-Lavarel\\Projeto-Lavarel\\vendor\\laravel\\framework\\src\\Illuminate\\Filesystem\\Filesystem.php(107): require('C:\\\\Users\\\\Adm\\\\Do...')
#2 C:\\Users\\Adm\\Documents\\GitHub\\Projeto-Lavarel\\Projeto-Lavarel\\vendor\\laravel\\framework\\src\\Illuminate\\Filesystem\\Filesystem.php(108): Illuminate\\Filesystem\\Filesystem::Illuminate\\Filesystem\\{closure}()
#3 C:\\Users\\Adm\\Documents\\GitHub\\Projeto-Lavarel\\Projeto-Lavarel\\vendor\\laravel\\framework\\src\\Illuminate\\View\\Engines\\PhpEngine.php(58): Illuminate\\Filesystem\\Filesystem->getRequire('C:\\\\Users\\\\Adm\\\\Do...', Array)
#4 C:\\Users\\Adm\\Documents\\GitHub\\Projeto-Lavarel\\Projeto-Lavarel\\vendor\\laravel\\framework\\src\\Illuminate\\View\\Engines\\CompilerEngine.php(61): Illuminate\\View\\Engines\\PhpEngine->evaluatePath('C:\\\\Users\\\\Adm\\\\Do...', Array)
#5 C:\\Users\\Adm\\Documents\\GitHub\\Projeto-Lavarel\\Projeto-Lavarel\\vendor\\facade\\ignition\\src\\Views\\Engines\\CompilerEngine.php(37): Illuminate\\View\\Engines\\CompilerEngine->get('C:\\\\Users\\\\Adm\\\\Do...', Array)
#6 C:\\Users\\Adm\\Documents\\GitHub\\Projeto-Lavarel\\Projeto-Lavarel\\vendor\\laravel\\framework\\src\\Illuminate\\View\\View.php(139): Facade\\Ignition\\Views\\Engines\\CompilerEngine->get('C:\\\\Users\\\\Adm\\\\Do...', Array)
#7 C:\\Users\\Adm\\Documents\\GitHub\\Projeto-Lavarel\\Projeto-Lavarel\\vendor\\laravel\\framework\\src\\Illuminate\\View\\View.php(122): Illuminate\\View\\View->getContents()
#8 C:\\Users\\Adm\\Documents\\GitHub\\Projeto-Lavarel\\Projeto-Lavarel\\vendor\\laravel\\framework\\src\\Illuminate\\View\\View.php(91): Illuminate\\View\\View->renderContents()
#9 C:\\Users\\Adm\\Documents\\GitHub\\Projeto-Lavarel\\Projeto-Lavarel\\vendor\\laravel\\framework\\src\\Illuminate\\Http\\Response.php(69): Illuminate\\View\\View->render()
#10 C:\\Users\\Adm\\Documents\\GitHub\\Projeto-Lavarel\\Projeto-Lavarel\\vendor\\laravel\\framework\\src\\Illuminate\\Http\\Response.php(35): Illuminate\\Http\\Response->setContent(Object(Illuminate\\View\\View))
#11 C:\\Users\\Adm\\Documents\\GitHub\\Projeto-Lavarel\\Projeto-Lavarel\\vendor\\laravel\\framework\\src\\Illuminate\\Routing\\Router.php(820): Illuminate\\Http\\Response->__construct(Object(Illuminate\\View\\View), 200, Array)
#12 C:\\Users\\Adm\\Documents\\GitHub\\Projeto-Lavarel\\Projeto-Lavarel\\vendor\\laravel\\framework\\src\\Illuminate\\Routing\\Router.php(789): Illuminate\\Routing\\Router::toResponse(Object(Illuminate\\Http\\Request), Object(Illuminate\\View\\View))
#13 C:\\Users\\Adm\\Documents\\GitHub\\Projeto-Lavarel\\Projeto-Lavarel\\vendor\\laravel\\framework\\src\\Illuminate\\Routing\\Router.php(721): Illuminate\\Routing\\Router->prepareResponse(Object(Illuminate\\Http\\Request), Object(Illuminate\\View\\View))
#14 C:\\Users\\Adm\\Documents\\GitHub\\Projeto-Lavarel\\Projeto-Lavarel\\vendor\\laravel\\framework\\src\\Illuminate\\Pipeline\\Pipeline.php(128): Illuminate\\Routing\\Router->Illuminate\\Routing\\{closure}(Object(Illuminate\\Http\\Request))
#15 C:\\Users\\Adm\\Documents\\GitHub\\Projeto-Lavarel\\Projeto-Lavarel\\vendor\\laravel\\framework\\src\\Illuminate\\Routing\\Middleware\\SubstituteBindings.php(50): Illuminate\\Pipeline\\Pipeline->Illuminate\\Pipeline\\{closure}(Object(Illuminate\\Http\\Request))
#16 C:\\Users\\Adm\\Documents\\GitHub\\Projeto-Lavarel\\Projeto-Lavarel\\vendor\\laravel\\framework\\src\\Illuminate\\Pipeline\\Pipeline.php(167): Illuminate\\Routing\\Middleware\\SubstituteBindings->handle(Object(Illuminate\\Http\\Request), Object(Closure))
#17 C:\\Users\\Adm\\Documents\\GitHub\\Projeto-Lavarel\\Projeto-Lavarel\\vendor\\laravel\\framework\\src\\Illuminate\\Foundation\\Http\\Middleware\\VerifyCsrfToken.php(78): Illuminate\\Pipeline\\Pipeline->Illuminate\\Pipeline\\{closure}(Object(Illuminate\\Http\\Request))
#18 C:\\Users\\Adm\\Documents\\GitHub\\Projeto-Lavarel\\Projeto-Lavarel\\vendor\\laravel\\framework\\src\\Illuminate\\Pipeline\\Pipeline.php(167): Illuminate\\Foundation\\Http\\Middleware\\VerifyCsrfToken->handle(Object(Illuminate\\Http\\Request), Object(Closure))
#19 C:\\Users\\Adm\\Documents\\GitHub\\Projeto-Lavarel\\Projeto-Lavarel\\vendor\\laravel\\framework\\src\\Illuminate\\View\\Middleware\\ShareErrorsFromSession.php(49): Illuminate\\Pipeline\\Pipeline->Illuminate\\Pipeline\\{closure}(Object(Illuminate\\Http\\Request))
#20 C:\\Users\\Adm\\Documents\\GitHub\\Projeto-Lavarel\\Projeto-Lavarel\\vendor\\laravel\\framework\\src\\Illuminate\\Pipeline\\Pipeline.php(167): Illuminate\\View\\Middleware\\ShareErrorsFromSession->handle(Object(Illuminate\\Http\\Request), Object(Closure))
#21 C:\\Users\\Adm\\Documents\\GitHub\\Projeto-Lavarel\\Projeto-Lavarel\\vendor\\laravel\\framework\\src\\Illuminate\\Session\\Middleware\\StartSession.php(121): Illuminate\\Pipeline\\Pipeline->Illuminate\\Pipeline\\{closure}(Object(Illuminate\\Http\\Request))
#22 C:\\Users\\Adm\\Documents\\GitHub\\Projeto-Lavarel\\Projeto-Lavarel\\vendor\\laravel\\framework\\src\\Illuminate\\Session\\Middleware\\StartSession.php(64): Illuminate\\Session\\Middleware\\StartSession->handleStatefulRequest(Object(Illuminate\\Http\\Request), Object(Illuminate\\Session\\Store), Object(Closure))
#23 C:\\Users\\Adm\\Documents\\GitHub\\Projeto-Lavarel\\Projeto-Lavarel\\vendor\\laravel\\framework\\src\\Illuminate\\Pipeline\\Pipeline.php(167): Illuminate\\Session\\Middleware\\StartSession->handle(Object(Illuminate\\Http\\Request), Object(Closure))
#24 C:\\Users\\Adm\\Documents\\GitHub\\Projeto-Lavarel\\Projeto-Lavarel\\vendor\\laravel\\framework\\src\\Illuminate\\Cookie\\Middleware\\AddQueuedCookiesToResponse.php(37): Illuminate\\Pipeline\\Pipeline->Illuminate\\Pipeline\\{closure}(Object(Illuminate\\Http\\Request))
#25 C:\\Users\\Adm\\Documents\\GitHub\\Projeto-Lavarel\\Projeto-Lavarel\\vendor\\laravel\\framework\\src\\Illuminate\\Pipeline\\Pipeline.php(167): Illuminate\\Cookie\\Middleware\\AddQueuedCookiesToResponse->handle(Object(Illuminate\\Http\\Request), Object(Closure))
#26 C:\\Users\\Adm\\Documents\\GitHub\\Projeto-Lavarel\\Projeto-Lavarel\\vendor\\laravel\\framework\\src\\Illuminate\\Cookie\\Middleware\\EncryptCookies.php(67): Illuminate\\Pipeline\\Pipeline->Illuminate\\Pipeline\\{closure}(Object(Illuminate\\Http\\Request))
#27 C:\\Users\\Adm\\Documents\\GitHub\\Projeto-Lavarel\\Projeto-Lavarel\\vendor\\laravel\\framework\\src\\Illuminate\\Pipeline\\Pipeline.php(167): Illuminate\\Cookie\\Middleware\\EncryptCookies->handle(Object(Illuminate\\Http\\Request), Object(Closure))
#28 C:\\Users\\Adm\\Documents\\GitHub\\Projeto-Lavarel\\Projeto-Lavarel\\vendor\\laravel\\framework\\src\\Illuminate\\Pipeline\\Pipeline.php(103): Illuminate\\Pipeline\\Pipeline->Illuminate\\Pipeline\\{closure}(Object(Illuminate\\Http\\Request))
#29 C:\\Users\\Adm\\Documents\\GitHub\\Projeto-Lavarel\\Projeto-Lavarel\\vendor\\laravel\\framework\\src\\Illuminate\\Routing\\Router.php(723): Illuminate\\Pipeline\\Pipeline->then(Object(Closure))
#30 C:\\Users\\Adm\\Documents\\GitHub\\Projeto-Lavarel\\Projeto-Lavarel\\vendor\\laravel\\framework\\src\\Illuminate\\Routing\\Router.php(698): Illuminate\\Routing\\Router->runRouteWithinStack(Object(Illuminate\\Routing\\Route), Object(Illuminate\\Http\\Request))
#31 C:\\Users\\Adm\\Documents\\GitHub\\Projeto-Lavarel\\Projeto-Lavarel\\vendor\\laravel\\framework\\src\\Illuminate\\Routing\\Router.php(662): Illuminate\\Routing\\Router->runRoute(Object(Illuminate\\Http\\Request), Object(Illuminate\\Routing\\Route))
#32 C:\\Users\\Adm\\Documents\\GitHub\\Projeto-Lavarel\\Projeto-Lavarel\\vendor\\laravel\\framework\\src\\Illuminate\\Routing\\Router.php(651): Illuminate\\Routing\\Router->dispatchToRoute(Object(Illuminate\\Http\\Request))
#33 C:\\Users\\Adm\\Documents\\GitHub\\Projeto-Lavarel\\Projeto-Lavarel\\vendor\\laravel\\framework\\src\\Illuminate\\Foundation\\Http\\Kernel.php(167): Illuminate\\Routing\\Router->dispatch(Object(Illuminate\\Http\\Request))
#34 C:\\Users\\Adm\\Documents\\GitHub\\Projeto-Lavarel\\Projeto-Lavarel\\vendor\\laravel\\framework\\src\\Illuminate\\Pipeline\\Pipeline.php(128): Illuminate\\Foundation\\Http\\Kernel->Illuminate\\Foundation\\Http\\{closure}(Object(Illuminate\\Http\\Request))
#35 C:\\Users\\Adm\\Documents\\GitHub\\Projeto-Lavarel\\Projeto-Lavarel\\vendor\\laravel\\framework\\src\\Illuminate\\Foundation\\Http\\Middleware\\TransformsRequest.php(21): Illuminate\\Pipeline\\Pipeline->Illuminate\\Pipeline\\{closure}(Object(Illuminate\\Http\\Request))
#36 C:\\Users\\Adm\\Documents\\GitHub\\Projeto-Lavarel\\Projeto-Lavarel\\vendor\\laravel\\framework\\src\\Illuminate\\Foundation\\Http\\Middleware\\ConvertEmptyStringsToNull.php(31): Illuminate\\Foundation\\Http\\Middleware\\TransformsRequest->handle(Object(Illuminate\\Http\\Request), Object(Closure))
#37 C:\\Users\\Adm\\Documents\\GitHub\\Projeto-Lavarel\\Projeto-Lavarel\\vendor\\laravel\\framework\\src\\Illuminate\\Pipeline\\Pipeline.php(167): Illuminate\\Foundation\\Http\\Middleware\\ConvertEmptyStringsToNull->handle(Object(Illuminate\\Http\\Request), Object(Closure))
#38 C:\\Users\\Adm\\Documents\\GitHub\\Projeto-Lavarel\\Projeto-Lavarel\\vendor\\laravel\\framework\\src\\Illuminate\\Foundation\\Http\\Middleware\\TransformsRequest.php(21): Illuminate\\Pipeline\\Pipeline->Illuminate\\Pipeline\\{closure}(Object(Illuminate\\Http\\Request))
#39 C:\\Users\\Adm\\Documents\\GitHub\\Projeto-Lavarel\\Projeto-Lavarel\\vendor\\laravel\\framework\\src\\Illuminate\\Foundation\\Http\\Middleware\\TrimStrings.php(40): Illuminate\\Foundation\\Http\\Middleware\\TransformsRequest->handle(Object(Illuminate\\Http\\Request), Object(Closure))
#40 C:\\Users\\Adm\\Documents\\GitHub\\Projeto-Lavarel\\Projeto-Lavarel\\vendor\\laravel\\framework\\src\\Illuminate\\Pipeline\\Pipeline.php(167): Illuminate\\Foundation\\Http\\Middleware\\TrimStrings->handle(Object(Illuminate\\Http\\Request), Object(Closure))
#41 C:\\Users\\Adm\\Documents\\GitHub\\Projeto-Lavarel\\Projeto-Lavarel\\vendor\\laravel\\framework\\src\\Illuminate\\Foundation\\Http\\Middleware\\ValidatePostSize.php(27): Illuminate\\Pipeline\\Pipeline->Illuminate\\Pipeline\\{closure}(Object(Illuminate\\Http\\Request))
#42 C:\\Users\\Adm\\Documents\\GitHub\\Projeto-Lavarel\\Projeto-Lavarel\\vendor\\laravel\\framework\\src\\Illuminate\\Pipeline\\Pipeline.php(167): Illuminate\\Foundation\\Http\\Middleware\\ValidatePostSize->handle(Object(Illuminate\\Http\\Request), Object(Closure))
#43 C:\\Users\\Adm\\Documents\\GitHub\\Projeto-Lavarel\\Projeto-Lavarel\\vendor\\laravel\\framework\\src\\Illuminate\\Foundation\\Http\\Middleware\\PreventRequestsDuringMaintenance.php(86): Illuminate\\Pipeline\\Pipeline->Illuminate\\Pipeline\\{closure}(Object(Illuminate\\Http\\Request))
#44 C:\\Users\\Adm\\Documents\\GitHub\\Projeto-Lavarel\\Projeto-Lavarel\\vendor\\laravel\\framework\\src\\Illuminate\\Pipeline\\Pipeline.php(167): Illuminate\\Foundation\\Http\\Middleware\\PreventRequestsDuringMaintenance->handle(Object(Illuminate\\Http\\Request), Object(Closure))
#45 C:\\Users\\Adm\\Documents\\GitHub\\Projeto-Lavarel\\Projeto-Lavarel\\vendor\\fruitcake\\laravel-cors\\src\\HandleCors.php(38): Illuminate\\Pipeline\\Pipeline->Illuminate\\Pipeline\\{closure}(Object(Illuminate\\Http\\Request))
#46 C:\\Users\\Adm\\Documents\\GitHub\\Projeto-Lavarel\\Projeto-Lavarel\\vendor\\laravel\\framework\\src\\Illuminate\\Pipeline\\Pipeline.php(167): Fruitcake\\Cors\\HandleCors->handle(Object(Illuminate\\Http\\Request), Object(Closure))
#47 C:\\Users\\Adm\\Documents\\GitHub\\Projeto-Lavarel\\Projeto-Lavarel\\vendor\\laravel\\framework\\src\\Illuminate\\Http\\Middleware\\TrustProxies.php(39): Illuminate\\Pipeline\\Pipeline->Illuminate\\Pipeline\\{closure}(Object(Illuminate\\Http\\Request))
#48 C:\\Users\\Adm\\Documents\\GitHub\\Projeto-Lavarel\\Projeto-Lavarel\\vendor\\laravel\\framework\\src\\Illuminate\\Pipeline\\Pipeline.php(167): Illuminate\\Http\\Middleware\\TrustProxies->handle(Object(Illuminate\\Http\\Request), Object(Closure))
#49 C:\\Users\\Adm\\Documents\\GitHub\\Projeto-Lavarel\\Projeto-Lavarel\\vendor\\laravel\\framework\\src\\Illuminate\\Pipeline\\Pipeline.php(103): Illuminate\\Pipeline\\Pipeline->Illuminate\\Pipeline\\{closure}(Object(Illuminate\\Http\\Request))
#50 C:\\Users\\Adm\\Documents\\GitHub\\Projeto-Lavarel\\Projeto-Lavarel\\vendor\\laravel\\framework\\src\\Illuminate\\Foundation\\Http\\Kernel.php(142): Illuminate\\Pipeline\\Pipeline->then(Object(Closure))
#51 C:\\Users\\Adm\\Documents\\GitHub\\Projeto-Lavarel\\Projeto-Lavarel\\vendor\\laravel\\framework\\src\\Illuminate\\Foundation\\Http\\Kernel.php(111): Illuminate\\Foundation\\Http\\Kernel->sendRequestThroughRouter(Object(Illuminate\\Http\\Request))
#52 C:\\Users\\Adm\\Documents\\GitHub\\Projeto-Lavarel\\Projeto-Lavarel\\public\\index.php(52): Illuminate\\Foundation\\Http\\Kernel->handle(Object(Illuminate\\Http\\Request))
#53 C:\\Users\\Adm\\Documents\\GitHub\\Projeto-Lavarel\\Projeto-Lavarel\\server.php(21): require_once('C:\\\\Users\\\\Adm\\\\Do...')
#54 {main}

[previous exception] [object] (ErrorException(code: 0): Undefined variable: arrTest at C:\\Users\\Adm\\Documents\\GitHub\\Projeto-Lavarel\\Projeto-Lavarel\\storage\\framework\\views\\5d06416e922bae45990e96da4516705dde453101.php:33)
[stacktrace]
#0 C:\\Users\\Adm\\Documents\\GitHub\\Projeto-Lavarel\\Projeto-Lavarel\\storage\\framework\\views\\5d06416e922bae45990e96da4516705dde453101.php(33): Illuminate\\Foundation\\Bootstrap\\HandleExceptions->handleError(8, 'Undefined varia...', 'C:\\\\Users\\\\Adm\\\\Do...', 33, Array)
#1 C:\\Users\\Adm\\Documents\\GitHub\\Projeto-Lavarel\\Projeto-Lavarel\\vendor\\laravel\\framework\\src\\Illuminate\\Filesystem\\Filesystem.php(107): require('C:\\\\Users\\\\Adm\\\\Do...')
#2 C:\\Users\\Adm\\Documents\\GitHub\\Projeto-Lavarel\\Projeto-Lavarel\\vendor\\laravel\\framework\\src\\Illuminate\\Filesystem\\Filesystem.php(108): Illuminate\\Filesystem\\Filesystem::Illuminate\\Filesystem\\{closure}()
#3 C:\\Users\\Adm\\Documents\\GitHub\\Projeto-Lavarel\\Projeto-Lavarel\\vendor\\laravel\\framework\\src\\Illuminate\\View\\Engines\\PhpEngine.php(58): Illuminate\\Filesystem\\Filesystem->getRequire('C:\\\\Users\\\\Adm\\\\Do...', Array)
#4 C:\\Users\\Adm\\Documents\\GitHub\\Projeto-Lavarel\\Projeto-Lavarel\\vendor\\laravel\\framework\\src\\Illuminate\\View\\Engines\\CompilerEngine.php(61): Illuminate\\View\\Engines\\PhpEngine->evaluatePath('C:\\\\Users\\\\Adm\\\\Do...', Array)
#5 C:\\Users\\Adm\\Documents\\GitHub\\Projeto-Lavarel\\Projeto-Lavarel\\vendor\\facade\\ignition\\src\\Views\\Engines\\CompilerEngine.php(37): Illuminate\\View\\Engines\\CompilerEngine->get('C:\\\\Users\\\\Adm\\\\Do...', Array)
#6 C:\\Users\\Adm\\Documents\\GitHub\\Projeto-Lavarel\\Projeto-Lavarel\\vendor\\laravel\\framework\\src\\Illuminate\\View\\View.php(139): Facade\\Ignition\\Views\\Engines\\CompilerEngine->get('C:\\\\Users\\\\Adm\\\\Do...', Array)
#7 C:\\Users\\Adm\\Documents\\GitHub\\Projeto-Lavarel\\Projeto-Lavarel\\vendor\\laravel\\framework\\src\\Illuminate\\View\\View.php(122): Illuminate\\View\\View->getContents()
#8 C:\\Users\\Adm\\Documents\\GitHub\\Projeto-Lavarel\\Projeto-Lavarel\\vendor\\laravel\\framework\\src\\Illuminate\\View\\View.php(91): Illuminate\\View\\View->renderContents()
#9 C:\\Users\\Adm\\Documents\\GitHub\\Projeto-Lavarel\\Projeto-Lavarel\\vendor\\laravel\\framework\\src\\Illuminate\\Http\\Response.php(69): Illuminate\\View\\View->render()
#10 C:\\Users\\Adm\\Documents\\GitHub\\Projeto-Lavarel\\Projeto-Lavarel\\vendor\\laravel\\framework\\src\\Illuminate\\Http\\Response.php(35): Illuminate\\Http\\Response->setContent(Object(Illuminate\\View\\View))
#11 C:\\Users\\Adm\\Documents\\GitHub\\Projeto-Lavarel\\Projeto-Lavarel\\vendor\\laravel\\framework\\src\\Illuminate\\Routing\\Router.php(820): Illuminate\\Http\\Response->__construct(Object(Illuminate\\View\\View), 200, Array)
#12 C:\\Users\\Adm\\Documents\\GitHub\\Projeto-Lavarel\\Projeto-Lavarel\\vendor\\laravel\\framework\\src\\Illuminate\\Routing\\Router.php(789): Illuminate\\Routing\\Router::toResponse(Object(Illuminate\\Http\\Request), Object(Illuminate\\View\\View))
#13 C:\\Users\\Adm\\Documents\\GitHub\\Projeto-Lavarel\\Projeto-Lavarel\\vendor\\laravel\\framework\\src\\Illuminate\\Routing\\Router.php(721): Illuminate\\Routing\\Router->prepareResponse(Object(Illuminate\\Http\\Request), Object(Illuminate\\View\\View))
#14 C:\\Users\\Adm\\Documents\\GitHub\\Projeto-Lavarel\\Projeto-Lavarel\\vendor\\laravel\\framework\\src\\Illuminate\\Pipeline\\Pipeline.php(128): Illuminate\\Routing\\Router->Illuminate\\Routing\\{closure}(Object(Illuminate\\Http\\Request))
#15 C:\\Users\\Adm\\Documents\\GitHub\\Projeto-Lavarel\\Projeto-Lavarel\\vendor\\laravel\\framework\\src\\Illuminate\\Routing\\Middleware\\SubstituteBindings.php(50): Illuminate\\Pipeline\\Pipeline->Illuminate\\Pipeline\\{closure}(Object(Illuminate\\Http\\Request))
#16 C:\\Users\\Adm\\Documents\\GitHub\\Projeto-Lavarel\\Projeto-Lavarel\\vendor\\laravel\\framework\\src\\Illuminate\\Pipeline\\Pipeline.php(167): Illuminate\\Routing\\Middleware\\SubstituteBindings->handle(Object(Illuminate\\Http\\Request), Object(Closure))
#17 C:\\Users\\Adm\\Documents\\GitHub\\Projeto-Lavarel\\Projeto-Lavarel\\vendor\\laravel\\framework\\src\\Illuminate\\Foundation\\Http\\Middleware\\VerifyCsrfToken.php(78): Illuminate\\Pipeline\\Pipeline->Illuminate\\Pipeline\\{closure}(Object(Illuminate\\Http\\Request))
#18 C:\\Users\\Adm\\Documents\\GitHub\\Projeto-Lavarel\\Projeto-Lavarel\\vendor\\laravel\\framework\\src\\Illuminate\\Pipeline\\Pipeline.php(167): Illuminate\\Foundation\\Http\\Middleware\\VerifyCsrfToken->handle(Object(Illuminate\\Http\\Request), Object(Closure))
#19 C:\\Users\\Adm\\Documents\\GitHub\\Projeto-Lavarel\\Projeto-Lavarel\\vendor\\laravel\\framework\\src\\Illuminate\\View\\Middleware\\ShareErrorsFromSession.php(49): Illuminate\\Pipeline\\Pipeline->Illuminate\\Pipeline\\{closure}(Object(Illuminate\\Http\\Request))
#20 C:\\Users\\Adm\\Documents\\GitHub\\Projeto-Lavarel\\Projeto-Lavarel\\vendor\\laravel\\framework\\src\\Illuminate\\Pipeline\\Pipeline.php(167): Illuminate\\View\\Middleware\\ShareErrorsFromSession->handle(Object(Illuminate\\Http\\Request), Object(Closure))
#21 C:\\Users\\Adm\\Documents\\GitHub\\Projeto-Lavarel\\Projeto-Lavarel\\vendor\\laravel\\framework\\src\\Illuminate\\Session\\Middleware\\StartSession.php(121): Illuminate\\Pipeline\\Pipeline->Illuminate\\Pipeline\\{closure}(Object(Illuminate\\Http\\Request))
#22 C:\\Users\\Adm\\Documents\\GitHub\\Projeto-Lavarel\\Projeto-Lavarel\\vendor\\laravel\\framework\\src\\Illuminate\\Session\\Middleware\\StartSession.php(64): Illuminate\\Session\\Middleware\\StartSession->handleStatefulRequest(Object(Illuminate\\Http\\Request), Object(Illuminate\\Session\\Store), Object(Closure))
#23 C:\\Users\\Adm\\Documents\\GitHub\\Projeto-Lavarel\\Projeto-Lavarel\\vendor\\laravel\\framework\\src\\Illuminate\\Pipeline\\Pipeline.php(167): Illuminate\\Session\\Middleware\\StartSession->handle(Object(Illuminate\\Http\\Request), Object(Closure))
#24 C:\\Users\\Adm\\Documents\\GitHub\\Projeto-Lavarel\\Projeto-Lavarel\\vendor\\laravel\\framework\\src\\Illuminate\\Cookie\\Middleware\\AddQueuedCookiesToResponse.php(37): Illuminate\\Pipeline\\Pipeline->Illuminate\\Pipeline\\{closure}(Object(Illuminate\\Http\\Request))
#25 C:\\Users\\Adm\\Documents\\GitHub\\Projeto-Lavarel\\Projeto-Lavarel\\vendor\\laravel\\framework\\src\\Illuminate\\Pipeline\\Pipeline.php(167): Illuminate\\Cookie\\Middleware\\AddQueuedCookiesToResponse->handle(Object(Illuminate\\Http\\Request), Object(Closure))
#26 C:\\Users\\Adm\\Documents\\GitHub\\Projeto-Lavarel\\Projeto-Lavarel\\vendor\\laravel\\framework\\src\\Illuminate\\Cookie\\Middleware\\EncryptCookies.php(67): Illuminate\\Pipeline\\Pipeline->Illuminate\\Pipeline\\{closure}(Object(Illuminate\\Http\\Request))
#27 C:\\Users\\Adm\\Documents\\GitHub\\Projeto-Lavarel\\Projeto-Lavarel\\vendor\\laravel\\framework\\src\\Illuminate\\Pipeline\\Pipeline.php(167): Illuminate\\Cookie\\Middleware\\EncryptCookies->handle(Object(Illuminate\\Http\\Request), Object(Closure))
#28 C:\\Users\\Adm\\Documents\\GitHub\\Projeto-Lavarel\\Projeto-Lavarel\\vendor\\laravel\\framework\\src\\Illuminate\\Pipeline\\Pipeline.php(103): Illuminate\\Pipeline\\Pipeline->Illuminate\\Pipeline\\{closure}(Object(Illuminate\\Http\\Request))
#29 C:\\Users\\Adm\\Documents\\GitHub\\Projeto-Lavarel\\Projeto-Lavarel\\vendor\\laravel\\framework\\src\\Illuminate\\Routing\\Router.php(723): Illuminate\\Pipeline\\Pipeline->then(Object(Closure))
#30 C:\\Users\\Adm\\Documents\\GitHub\\Projeto-Lavarel\\Projeto-Lavarel\\vendor\\laravel\\framework\\src\\Illuminate\\Routing\\Router.php(698): Illuminate\\Routing\\Router->runRouteWithinStack(Object(Illuminate\\Routing\\Route), Object(Illuminate\\Http\\Request))
#31 C:\\Users\\Adm\\Documents\\GitHub\\Projeto-Lavarel\\Projeto-Lavarel\\vendor\\laravel\\framework\\src\\Illuminate\\Routing\\Router.php(662): Illuminate\\Routing\\Router->runRoute(Object(Illuminate\\Http\\Request), Object(Illuminate\\Routing\\Route))
#32 C:\\Users\\Adm\\Documents\\GitHub\\Projeto-Lavarel\\Projeto-Lavarel\\vendor\\laravel\\framework\\src\\Illuminate\\Routing\\Router.php(651): Illuminate\\Routing\\Router->dispatchToRoute(Object(Illuminate\\Http\\Request))
#33 C:\\Users\\Adm\\Documents\\GitHub\\Projeto-Lavarel\\Projeto-Lavarel\\vendor\\laravel\\framework\\src\\Illuminate\\Foundation\\Http\\Kernel.php(167): Illuminate\\Routing\\Router->dispatch(Object(Illuminate\\Http\\Request))
#34 C:\\Users\\Adm\\Documents\\GitHub\\Projeto-Lavarel\\Projeto-Lavarel\\vendor\\laravel\\framework\\src\\Illuminate\\Pipeline\\Pipeline.php(128): Illuminate\\Foundation\\Http\\Kernel->Illuminate\\Foundation\\Http\\{closure}(Object(Illuminate\\Http\\Request))
#35 C:\\Users\\Adm\\Documents\\GitHub\\Projeto-Lavarel\\Projeto-Lavarel\\vendor\\laravel\\framework\\src\\Illuminate\\Foundation\\Http\\Middleware\\TransformsRequest.php(21): Illuminate\\Pipeline\\Pipeline->Illuminate\\Pipeline\\{closure}(Object(Illuminate\\Http\\Request))
#36 C:\\Users\\Adm\\Documents\\GitHub\\Projeto-Lavarel\\Projeto-Lavarel\\vendor\\laravel\\framework\\src\\Illuminate\\Foundation\\Http\\Middleware\\ConvertEmptyStringsToNull.php(31): Illuminate\\Foundation\\Http\\Middleware\\TransformsRequest->handle(Object(Illuminate\\Http\\Request), Object(Closure))
#37 C:\\Users\\Adm\\Documents\\GitHub\\Projeto-Lavarel\\Projeto-Lavarel\\vendor\\laravel\\framework\\src\\Illuminate\\Pipeline\\Pipeline.php(167): Illuminate\\Foundation\\Http\\Middleware\\ConvertEmptyStringsToNull->handle(Object(Illuminate\\Http\\Request), Object(Closure))
#38 C:\\Users\\Adm\\Documents\\GitHub\\Projeto-Lavarel\\Projeto-Lavarel\\vendor\\laravel\\framework\\src\\Illuminate\\Foundation\\Http\\Middleware\\TransformsRequest.php(21): Illuminate\\Pipeline\\Pipeline->Illuminate\\Pipeline\\{closure}(Object(Illuminate\\Http\\Request))
#39 C:\\Users\\Adm\\Documents\\GitHub\\Projeto-Lavarel\\Projeto-Lavarel\\vendor\\laravel\\framework\\src\\Illuminate\\Foundation\\Http\\Middleware\\TrimStrings.php(40): Illuminate\\Foundation\\Http\\Middleware\\TransformsRequest->handle(Object(Illuminate\\Http\\Request), Object(Closure))
#40 C:\\Users\\Adm\\Documents\\GitHub\\Projeto-Lavarel\\Projeto-Lavarel\\vendor\\laravel\\framework\\src\\Illuminate\\Pipeline\\Pipeline.php(167): Illuminate\\Foundation\\Http\\Middleware\\TrimStrings->handle(Object(Illuminate\\Http\\Request), Object(Closure))
#41 C:\\Users\\Adm\\Documents\\GitHub\\Projeto-Lavarel\\Projeto-Lavarel\\vendor\\laravel\\framework\\src\\Illuminate\\Foundation\\Http\\Middleware\\ValidatePostSize.php(27): Illuminate\\Pipeline\\Pipeline->Illuminate\\Pipeline\\{closure}(Object(Illuminate\\Http\\Request))
#42 C:\\Users\\Adm\\Documents\\GitHub\\Projeto-Lavarel\\Projeto-Lavarel\\vendor\\laravel\\framework\\src\\Illuminate\\Pipeline\\Pipeline.php(167): Illuminate\\Foundation\\Http\\Middleware\\ValidatePostSize->handle(Object(Illuminate\\Http\\Request), Object(Closure))
#43 C:\\Users\\Adm\\Documents\\GitHub\\Projeto-Lavarel\\Projeto-Lavarel\\vendor\\laravel\\framework\\src\\Illuminate\\Foundation\\Http\\Middleware\\PreventRequestsDuringMaintenance.php(86): Illuminate\\Pipeline\\Pipeline->Illuminate\\Pipeline\\{closure}(Object(Illuminate\\Http\\Request))
#44 C:\\Users\\Adm\\Documents\\GitHub\\Projeto-Lavarel\\Projeto-Lavarel\\vendor\\laravel\\framework\\src\\Illuminate\\Pipeline\\Pipeline.php(167): Illuminate\\Foundation\\Http\\Middleware\\PreventRequestsDuringMaintenance->handle(Object(Illuminate\\Http\\Request), Object(Closure))
#45 C:\\Users\\Adm\\Documents\\GitHub\\Projeto-Lavarel\\Projeto-Lavarel\\vendor\\fruitcake\\laravel-cors\\src\\HandleCors.php(38): Illuminate\\Pipeline\\Pipeline->Illuminate\\Pipeline\\{closure}(Object(Illuminate\\Http\\Request))
#46 C:\\Users\\Adm\\Documents\\GitHub\\Projeto-Lavarel\\Projeto-Lavarel\\vendor\\laravel\\framework\\src\\Illuminate\\Pipeline\\Pipeline.php(167): Fruitcake\\Cors\\HandleCors->handle(Object(Illuminate\\Http\\Request), Object(Closure))
#47 C:\\Users\\Adm\\Documents\\GitHub\\Projeto-Lavarel\\Projeto-Lavarel\\vendor\\laravel\\framework\\src\\Illuminate\\Http\\Middleware\\TrustProxies.php(39): Illuminate\\Pipeline\\Pipeline->Illuminate\\Pipeline\\{closure}(Object(Illuminate\\Http\\Request))
#48 C:\\Users\\Adm\\Documents\\GitHub\\Projeto-Lavarel\\Projeto-Lavarel\\vendor\\laravel\\framework\\src\\Illuminate\\Pipeline\\Pipeline.php(167): Illuminate\\Http\\Middleware\\TrustProxies->handle(Object(Illuminate\\Http\\Request), Object(Closure))
#49 C:\\Users\\Adm\\Documents\\GitHub\\Projeto-Lavarel\\Projeto-Lavarel\\vendor\\laravel\\framework\\src\\Illuminate\\Pipeline\\Pipeline.php(103): Illuminate\\Pipeline\\Pipeline->Illuminate\\Pipeline\\{closure}(Object(Illuminate\\Http\\Request))
#50 C:\\Users\\Adm\\Documents\\GitHub\\Projeto-Lavarel\\Projeto-Lavarel\\vendor\\laravel\\framework\\src\\Illuminate\\Foundation\\Http\\Kernel.php(142): Illuminate\\Pipeline\\Pipeline->then(Object(Closure))
#51 C:\\Users\\Adm\\Documents\\GitHub\\Projeto-Lavarel\\Projeto-Lavarel\\vendor\\laravel\\framework\\src\\Illuminate\\Foundation\\Http\\Kernel.php(111): Illuminate\\Foundation\\Http\\Kernel->sendRequestThroughRouter(Object(Illuminate\\Http\\Request))
#52 C:\\Users\\Adm\\Documents\\GitHub\\Projeto-Lavarel\\Projeto-Lavarel\\public\\index.php(52): Illuminate\\Foundation\\Http\\Kernel->handle(Object(Illuminate\\Http\\Request))
#53 C:\\Users\\Adm\\Documents\\GitHub\\Projeto-Lavarel\\Projeto-Lavarel\\server.php(21): require_once('C:\\\\Users\\\\Adm\\\\Do...')
#54 {main}
"} 
